23.7845 	INFO 	Loaded monitor calibration from ['2023_06_22 15:32']
24.1301 	EXP 	Created window1 = Window(allowGUI=False, allowStencil=False, autoLog=True, backendConf=UNKNOWN, backgroundFit=<method-wrapper '__getattribute__' of attributeSetter object at 0x0000026D82168DC0>, backgroundImage=<method-wrapper '__getattribute__' of attributeSetter object at 0x0000026D82168E20>, bitsMode=UNKNOWN, blendMode='avg', bpc=(8, 8, 8), color=array([0, 0, 0]), colorSpace='rgb', depthBits=8, fullscr=True, gamma=None, gammaErrorPolicy='raise', infoMsg=UNKNOWN, lms=UNKNOWN, monitor=<psychopy.monitors.calibTools.Monitor object at 0x0000026D8221F250>, multiSample=False, name='window1', numSamples=2, pos=[0.0, 0.0], screen=0, size=array([1920, 1200]), stencilBits=0, stereo=False, title='PsychoPy', units='height', useFBO=True, useRetina=False, viewOri=0.0, viewPos=None, viewScale=None, waitBlanking=True, winType='pyglet')
24.1302 	EXP 	window1: backgroundImage = ''
24.1302 	EXP 	window1: backgroundFit = 'none'
24.2052 	EXP 	window1: Attempting to measure frame rate of screen (0) ...
24.2052 	EXP 	window1: recordFrameIntervals = False
24.4562 	EXP 	window1: recordFrameIntervals = True
24.6411 	EXP 	Screen (0) actual frame rate measured at 59.52Hz
24.6412 	EXP 	window1: recordFrameIntervals = False
27.8593 	INFO 	keyboard.Keyboard is using iohub backend.
27.8593 	INFO 	keyboard.Keyboard is using iohub backend.
27.8594 	INFO 	keyboard.Keyboard is using iohub backend.
27.8594 	INFO 	keyboard.Keyboard is using iohub backend.
27.8594 	INFO 	keyboard.Keyboard is using iohub backend.
27.8594 	INFO 	keyboard.Keyboard is using iohub backend.
27.8595 	EXP 	demo_experiment: status = STARTED
27.9872 	EXP 	Created intro_welcome = TextStim(__class__=<class 'psychopy.visual.text.TextStim'>, alignHoriz=method-wrapper(...), alignText='center', alignVert=method-wrapper(...), anchorHoriz='center', anchorVert='center', antialias=True, autoDraw=False, autoLog=True, bold=False, color=array([1., 1., 1.]), colorSpace='rgb', contrast=1.0, depth=0.0, draggable=False, flipHoriz=False, flipVert=False, font='Arial', fontFiles=[], height=0.05, italic=False, languageStyle='LTR', name='intro_welcome', opacity=1, ori=0.0, pos=array([0., 0.]), rgb=UNKNOWN, text=str(...), units='height', win=Window(...), wrapWidth=1)
27.9967 	EXP 	Created feedback_prep_text = TextStim(__class__=<class 'psychopy.visual.text.TextStim'>, alignHoriz=method-wrapper(...), alignText='center', alignVert=method-wrapper(...), anchorHoriz='center', anchorVert='center', antialias=True, autoDraw=False, autoLog=True, bold=False, color=array([1., 1., 1.]), colorSpace='rgb', contrast=1.0, depth=0.0, draggable=False, flipHoriz=False, flipVert=False, font='Arial', fontFiles=[], height=0.05, italic=False, languageStyle='LTR', name='feedback_prep_text', opacity=1, ori=0.0, pos=array([0., 0.]), rgb=UNKNOWN, text=str(...), units='height', win=Window(...), wrapWidth=1)
27.9987 	EXP 	Created fix = TextStim(__class__=<class 'psychopy.visual.text.TextStim'>, alignHoriz=method-wrapper(...), alignText='center', alignVert=method-wrapper(...), anchorHoriz='center', anchorVert='center', antialias=True, autoDraw=False, autoLog=True, bold=False, color=array([1., 1., 1.]), colorSpace='rgb', contrast=1.0, depth=0.0, draggable=False, flipHoriz=False, flipVert=False, font='Arial', fontFiles=[], height=0.05, italic=False, languageStyle='LTR', name='fix', opacity=1, ori=0.0, pos=array([0., 0.]), rgb=UNKNOWN, text='+', units='height', win=Window(...), wrapWidth=1)
27.9992 	EXP 	Created stimulus = TextStim(__class__=<class 'psychopy.visual.text.TextStim'>, alignHoriz=method-wrapper(...), alignText='center', alignVert=method-wrapper(...), anchorHoriz='center', anchorVert='center', antialias=True, autoDraw=False, autoLog=True, bold=False, color=array([1., 1., 1.]), colorSpace='rgb', contrast=1.0, depth=-1.0, draggable=False, flipHoriz=False, flipVert=False, font='Arial', fontFiles=[], height=0.05, italic=False, languageStyle='LTR', name='stimulus', opacity=1, ori=0.0, pos=array([0., 0.]), rgb=UNKNOWN, text='', units='height', win=Window(...), wrapWidth=1)
28.0074 	EXP 	Created proper_trials_prep_text = TextStim(__class__=<class 'psychopy.visual.text.TextStim'>, alignHoriz=method-wrapper(...), alignText='center', alignVert=method-wrapper(...), anchorHoriz='center', anchorVert='center', antialias=True, autoDraw=False, autoLog=True, bold=False, color=array([1., 1., 1.]), colorSpace='rgb', contrast=1.0, depth=0.0, draggable=False, flipHoriz=False, flipVert=False, font='Arial', fontFiles=[], height=0.05, italic=False, languageStyle='LTR', name='proper_trials_prep_text', opacity=1, ori=0.0, pos=array([0., 0.]), rgb=UNKNOWN, text=str(...), units='height', win=Window(...), wrapWidth=1)
28.0085 	EXP 	Created fix = TextStim(__class__=<class 'psychopy.visual.text.TextStim'>, alignHoriz=method-wrapper(...), alignText='center', alignVert=method-wrapper(...), anchorHoriz='center', anchorVert='center', antialias=True, autoDraw=False, autoLog=True, bold=False, color=array([1., 1., 1.]), colorSpace='rgb', contrast=1.0, depth=0.0, draggable=False, flipHoriz=False, flipVert=False, font='Arial', fontFiles=[], height=0.05, italic=False, languageStyle='LTR', name='fix', opacity=1, ori=0.0, pos=array([0., 0.]), rgb=UNKNOWN, text='+', units='height', win=Window(...), wrapWidth=1)
28.0090 	EXP 	Created stimulus = TextStim(__class__=<class 'psychopy.visual.text.TextStim'>, alignHoriz=method-wrapper(...), alignText='center', alignVert=method-wrapper(...), anchorHoriz='center', anchorVert='center', antialias=True, autoDraw=False, autoLog=True, bold=False, color=array([1., 1., 1.]), colorSpace='rgb', contrast=1.0, depth=-1.0, draggable=False, flipHoriz=False, flipVert=False, font='Arial', fontFiles=[], height=0.05, italic=False, languageStyle='LTR', name='stimulus', opacity=1, ori=0.0, pos=array([0., 0.]), rgb=UNKNOWN, text='', units='height', win=Window(...), wrapWidth=1)
28.0150 	EXP 	Created end_text = TextStim(__class__=<class 'psychopy.visual.text.TextStim'>, alignHoriz=method-wrapper(...), alignText='center', alignVert=method-wrapper(...), anchorHoriz='center', anchorVert='center', antialias=True, autoDraw=False, autoLog=True, bold=False, color=array([1., 1., 1.]), colorSpace='rgb', contrast=1.0, depth=0.0, draggable=False, flipHoriz=False, flipVert=False, font='Arial', fontFiles=[], height=0.05, italic=False, languageStyle='LTR', name='end_text', opacity=1, ori=0.0, pos=array([0., 0.]), rgb=UNKNOWN, text=str(...), units='height', win=Window(...), wrapWidth=1)
0.0117 	EXP 	intro_welcome: autoDraw = True
3.0004 	INFO 	Keyboard events cleared
5.0600 	DATA 	Keypress: space
5.0640 	INFO 	Keyboard events cleared
5.0637 	EXP 	intro_welcome: autoDraw = False
5.0637 	EXP 	feedback_prep_text: autoDraw = True
6.5285 	EXP 	Imported stimuli/practice_stim_long.csv as conditions, 10 conditions, 5 params
6.5288 	EXP 	New trial (rep=0, index=0): <Trial 0 (0 in rep 0) data={'item_nr': 1, 'condition': 'pseudoword', 'text': 'Bage', 'corr_ans': 'lshift', 'is_practice_trial': True, 'thisN': 0, 'thisTrialN': 0, 'thisRepN': 0}>
6.5320 	DATA 	Keypress: space
6.5384 	EXP 	feedback_prep_text: autoDraw = False
6.5384 	EXP 	stimulus: height = 0.05
6.5384 	EXP 	stimulus: height = 0.05
6.5384 	EXP 	stimulus: height = 0.05
6.5384 	EXP 	stimulus: text = 'Bage'
6.7728 	EXP 	fix: autoDraw = True
7.2731 	EXP 	fix: autoDraw = False
7.5237 	INFO 	Keyboard events cleared
7.5232 	EXP 	stimulus: autoDraw = True
8.0984 	EXP 	Created unnamed TextStim = TextStim(__class__=<class 'psychopy.visual.text.TextStim'>, alignHoriz=method-wrapper(...), alignText='center', alignVert=method-wrapper(...), anchorHoriz='center', anchorVert='center', antialias=True, autoDraw=False, autoLog=True, bold=False, color=array([-0.00392157,  1.        , -1.        ]), colorSpace='rgb', contrast=1.0, depth=0, draggable=False, flipHoriz=False, flipVert=False, font='', fontFiles=[], height=0.05, italic=False, languageStyle='LTR', name='unnamed TextStim', opacity=1.0, ori=0.0, pos=array([0., 0.]), rgb=UNKNOWN, text='Correct!', units='height', win=Window(...), wrapWidth=1)
8.0987 	DATA 	Keypress: lshift
8.1074 	EXP 	fix: autoDraw = False
8.1074 	EXP 	stimulus: autoDraw = False
8.6265 	EXP 	New trial (rep=0, index=1): <Trial 1 (1 in rep 0) data={'item_nr': 4, 'condition': 'pseudoword', 'text': 'segt', 'corr_ans': 'lshift', 'is_practice_trial': True, 'thisN': 1, 'thisTrialN': 1, 'thisRepN': 0}>
8.6314 	EXP 	stimulus: height = 0.05
8.6314 	EXP 	stimulus: height = 0.05
8.6314 	EXP 	stimulus: height = 0.05
8.6314 	EXP 	stimulus: text = 'segt'
8.8838 	EXP 	fix: autoDraw = True
9.3845 	EXP 	fix: autoDraw = False
9.6351 	INFO 	Keyboard events cleared
9.6348 	EXP 	stimulus: autoDraw = True
10.2891 	EXP 	Created unnamed TextStim = TextStim(__class__=<class 'psychopy.visual.text.TextStim'>, alignHoriz=method-wrapper(...), alignText='center', alignVert=method-wrapper(...), anchorHoriz='center', anchorVert='center', antialias=True, autoDraw=False, autoLog=True, bold=False, color=array([-0.00392157,  1.        , -1.        ]), colorSpace='rgb', contrast=1.0, depth=0, draggable=False, flipHoriz=False, flipVert=False, font='', fontFiles=[], height=0.05, italic=False, languageStyle='LTR', name='unnamed TextStim', opacity=1.0, ori=0.0, pos=array([0., 0.]), rgb=UNKNOWN, text='Correct!', units='height', win=Window(...), wrapWidth=1)
10.2894 	DATA 	Keypress: lshift
10.3031 	EXP 	fix: autoDraw = False
10.3031 	EXP 	stimulus: autoDraw = False
10.8220 	EXP 	New trial (rep=0, index=2): <Trial 2 (2 in rep 0) data={'item_nr': 4, 'condition': 'word', 'text': 'sagt', 'corr_ans': 'rshift', 'is_practice_trial': True, 'thisN': 2, 'thisTrialN': 2, 'thisRepN': 0}>
10.8267 	EXP 	stimulus: height = 0.05
10.8267 	EXP 	stimulus: height = 0.05
10.8267 	EXP 	stimulus: height = 0.05
10.8267 	EXP 	stimulus: text = 'sagt'
11.0790 	EXP 	fix: autoDraw = True
11.5801 	EXP 	fix: autoDraw = False
11.8312 	INFO 	Keyboard events cleared
11.8309 	EXP 	stimulus: autoDraw = True
12.3668 	EXP 	Created unnamed TextStim = TextStim(__class__=<class 'psychopy.visual.text.TextStim'>, alignHoriz=method-wrapper(...), alignText='center', alignVert=method-wrapper(...), anchorHoriz='center', anchorVert='center', antialias=True, autoDraw=False, autoLog=True, bold=False, color=array([-0.00392157,  1.        , -1.        ]), colorSpace='rgb', contrast=1.0, depth=0, draggable=False, flipHoriz=False, flipVert=False, font='', fontFiles=[], height=0.05, italic=False, languageStyle='LTR', name='unnamed TextStim', opacity=1.0, ori=0.0, pos=array([0., 0.]), rgb=UNKNOWN, text='Correct!', units='height', win=Window(...), wrapWidth=1)
12.3672 	DATA 	Keypress: lshift
12.3806 	EXP 	fix: autoDraw = False
12.3806 	EXP 	stimulus: autoDraw = False
12.8986 	EXP 	New trial (rep=0, index=3): <Trial 3 (3 in rep 0) data={'item_nr': 1, 'condition': 'word', 'text': 'Haie', 'corr_ans': 'rshift', 'is_practice_trial': True, 'thisN': 3, 'thisTrialN': 3, 'thisRepN': 0}>
12.9036 	EXP 	stimulus: height = 0.05
12.9036 	EXP 	stimulus: height = 0.05
12.9036 	EXP 	stimulus: height = 0.05
12.9036 	EXP 	stimulus: text = 'Haie'
13.1568 	EXP 	fix: autoDraw = True
13.6577 	EXP 	fix: autoDraw = False
13.9087 	INFO 	Keyboard events cleared
13.9085 	EXP 	stimulus: autoDraw = True
14.4795 	EXP 	Created unnamed TextStim = TextStim(__class__=<class 'psychopy.visual.text.TextStim'>, alignHoriz=method-wrapper(...), alignText='center', alignVert=method-wrapper(...), anchorHoriz='center', anchorVert='center', antialias=True, autoDraw=False, autoLog=True, bold=False, color=array([-0.00392157,  1.        , -1.        ]), colorSpace='rgb', contrast=1.0, depth=0, draggable=False, flipHoriz=False, flipVert=False, font='', fontFiles=[], height=0.05, italic=False, languageStyle='LTR', name='unnamed TextStim', opacity=1.0, ori=0.0, pos=array([0., 0.]), rgb=UNKNOWN, text='Correct!', units='height', win=Window(...), wrapWidth=1)
14.4797 	DATA 	Keypress: lshift
14.4923 	EXP 	fix: autoDraw = False
14.4923 	EXP 	stimulus: autoDraw = False
15.0112 	EXP 	New trial (rep=0, index=4): <Trial 4 (4 in rep 0) data={'item_nr': 3, 'condition': 'word', 'text': 'korrekt', 'corr_ans': 'rshift', 'is_practice_trial': True, 'thisN': 4, 'thisTrialN': 4, 'thisRepN': 0}>
15.0154 	EXP 	stimulus: height = 0.05
15.0154 	EXP 	stimulus: height = 0.05
15.0154 	EXP 	stimulus: height = 0.05
15.0154 	EXP 	stimulus: text = 'korrekt'
15.2680 	EXP 	fix: autoDraw = True
15.7688 	EXP 	fix: autoDraw = False
16.0198 	INFO 	Keyboard events cleared
16.0194 	EXP 	stimulus: autoDraw = True
16.5392 	EXP 	Created unnamed TextStim = TextStim(__class__=<class 'psychopy.visual.text.TextStim'>, alignHoriz=method-wrapper(...), alignText='center', alignVert=method-wrapper(...), anchorHoriz='center', anchorVert='center', antialias=True, autoDraw=False, autoLog=True, bold=False, color=array([-0.00392157,  1.        , -1.        ]), colorSpace='rgb', contrast=1.0, depth=0, draggable=False, flipHoriz=False, flipVert=False, font='', fontFiles=[], height=0.05, italic=False, languageStyle='LTR', name='unnamed TextStim', opacity=1.0, ori=0.0, pos=array([0., 0.]), rgb=UNKNOWN, text='Correct!', units='height', win=Window(...), wrapWidth=1)
16.5395 	DATA 	Keypress: lshift
16.5546 	EXP 	fix: autoDraw = False
16.5546 	EXP 	stimulus: autoDraw = False
17.0727 	EXP 	New trial (rep=0, index=5): <Trial 5 (5 in rep 0) data={'item_nr': 5, 'condition': 'pseudoword', 'text': 'tobreren', 'corr_ans': 'lshift', 'is_practice_trial': True, 'thisN': 5, 'thisTrialN': 5, 'thisRepN': 0}>
17.0781 	EXP 	stimulus: height = 0.05
17.0781 	EXP 	stimulus: height = 0.05
17.0781 	EXP 	stimulus: height = 0.05
17.0781 	EXP 	stimulus: text = 'tobreren'
17.3300 	EXP 	fix: autoDraw = True
17.8314 	EXP 	fix: autoDraw = False
18.0814 	INFO 	Keyboard events cleared
18.0811 	EXP 	stimulus: autoDraw = True
18.6526 	EXP 	Created unnamed TextStim = TextStim(__class__=<class 'psychopy.visual.text.TextStim'>, alignHoriz=method-wrapper(...), alignText='center', alignVert=method-wrapper(...), anchorHoriz='center', anchorVert='center', antialias=True, autoDraw=False, autoLog=True, bold=False, color=array([-0.00392157,  1.        , -1.        ]), colorSpace='rgb', contrast=1.0, depth=0, draggable=False, flipHoriz=False, flipVert=False, font='', fontFiles=[], height=0.05, italic=False, languageStyle='LTR', name='unnamed TextStim', opacity=1.0, ori=0.0, pos=array([0., 0.]), rgb=UNKNOWN, text='Correct!', units='height', win=Window(...), wrapWidth=1)
18.6531 	DATA 	Keypress: lshift
18.6656 	EXP 	fix: autoDraw = False
18.6656 	EXP 	stimulus: autoDraw = False
19.1840 	EXP 	New trial (rep=0, index=6): <Trial 6 (6 in rep 0) data={'item_nr': 5, 'condition': 'word', 'text': 'sicheren', 'corr_ans': 'rshift', 'is_practice_trial': True, 'thisN': 6, 'thisTrialN': 6, 'thisRepN': 0}>
19.1889 	EXP 	stimulus: height = 0.05
19.1889 	EXP 	stimulus: height = 0.05
19.1889 	EXP 	stimulus: height = 0.05
19.1889 	EXP 	stimulus: text = 'sicheren'
19.4421 	EXP 	fix: autoDraw = True
19.9427 	EXP 	fix: autoDraw = False
20.1931 	INFO 	Keyboard events cleared
20.1927 	EXP 	stimulus: autoDraw = True
20.7964 	EXP 	Created unnamed TextStim = TextStim(__class__=<class 'psychopy.visual.text.TextStim'>, alignHoriz=method-wrapper(...), alignText='center', alignVert=method-wrapper(...), anchorHoriz='center', anchorVert='center', antialias=True, autoDraw=False, autoLog=True, bold=False, color=array([-0.00392157,  1.        , -1.        ]), colorSpace='rgb', contrast=1.0, depth=0, draggable=False, flipHoriz=False, flipVert=False, font='', fontFiles=[], height=0.05, italic=False, languageStyle='LTR', name='unnamed TextStim', opacity=1.0, ori=0.0, pos=array([0., 0.]), rgb=UNKNOWN, text='Correct!', units='height', win=Window(...), wrapWidth=1)
20.7967 	DATA 	Keypress: lshift
20.8097 	EXP 	fix: autoDraw = False
20.8097 	EXP 	stimulus: autoDraw = False
21.3290 	EXP 	New trial (rep=0, index=7): <Trial 7 (7 in rep 0) data={'item_nr': 2, 'condition': 'pseudoword', 'text': 'sanzes', 'corr_ans': 'lshift', 'is_practice_trial': True, 'thisN': 7, 'thisTrialN': 7, 'thisRepN': 0}>
21.3344 	EXP 	stimulus: height = 0.05
21.3344 	EXP 	stimulus: height = 0.05
21.3344 	EXP 	stimulus: height = 0.05
21.3344 	EXP 	stimulus: text = 'sanzes'
21.5876 	EXP 	fix: autoDraw = True
22.0879 	EXP 	fix: autoDraw = False
22.3380 	INFO 	Keyboard events cleared
22.3377 	EXP 	stimulus: autoDraw = True
22.9748 	EXP 	Created unnamed TextStim = TextStim(__class__=<class 'psychopy.visual.text.TextStim'>, alignHoriz=method-wrapper(...), alignText='center', alignVert=method-wrapper(...), anchorHoriz='center', anchorVert='center', antialias=True, autoDraw=False, autoLog=True, bold=False, color=array([-0.00392157,  1.        , -1.        ]), colorSpace='rgb', contrast=1.0, depth=0, draggable=False, flipHoriz=False, flipVert=False, font='', fontFiles=[], height=0.05, italic=False, languageStyle='LTR', name='unnamed TextStim', opacity=1.0, ori=0.0, pos=array([0., 0.]), rgb=UNKNOWN, text='Correct!', units='height', win=Window(...), wrapWidth=1)
22.9752 	DATA 	Keypress: lshift
22.9892 	EXP 	fix: autoDraw = False
22.9892 	EXP 	stimulus: autoDraw = False
23.5076 	EXP 	New trial (rep=0, index=8): <Trial 8 (8 in rep 0) data={'item_nr': 2, 'condition': 'word', 'text': 'Mannes', 'corr_ans': 'rshift', 'is_practice_trial': True, 'thisN': 8, 'thisTrialN': 8, 'thisRepN': 0}>
23.5126 	EXP 	stimulus: height = 0.05
23.5126 	EXP 	stimulus: height = 0.05
23.5126 	EXP 	stimulus: height = 0.05
23.5126 	EXP 	stimulus: text = 'Mannes'
23.7658 	EXP 	fix: autoDraw = True
24.2662 	EXP 	fix: autoDraw = False
24.5174 	INFO 	Keyboard events cleared
24.5172 	EXP 	stimulus: autoDraw = True
25.0865 	EXP 	Created unnamed TextStim = TextStim(__class__=<class 'psychopy.visual.text.TextStim'>, alignHoriz=method-wrapper(...), alignText='center', alignVert=method-wrapper(...), anchorHoriz='center', anchorVert='center', antialias=True, autoDraw=False, autoLog=True, bold=False, color=array([-0.00392157,  1.        , -1.        ]), colorSpace='rgb', contrast=1.0, depth=0, draggable=False, flipHoriz=False, flipVert=False, font='', fontFiles=[], height=0.05, italic=False, languageStyle='LTR', name='unnamed TextStim', opacity=1.0, ori=0.0, pos=array([0., 0.]), rgb=UNKNOWN, text='Correct!', units='height', win=Window(...), wrapWidth=1)
25.0867 	DATA 	Keypress: lshift
25.1007 	EXP 	fix: autoDraw = False
25.1007 	EXP 	stimulus: autoDraw = False
25.6186 	EXP 	New trial (rep=0, index=9): <Trial 9 (9 in rep 0) data={'item_nr': 3, 'condition': 'pseudoword', 'text': 'Torrerk', 'corr_ans': 'lshift', 'is_practice_trial': True, 'thisN': 9, 'thisTrialN': 9, 'thisRepN': 0}>
25.6234 	EXP 	stimulus: height = 0.05
25.6234 	EXP 	stimulus: height = 0.05
25.6234 	EXP 	stimulus: height = 0.05
25.6234 	EXP 	stimulus: text = 'Torrerk'
25.8767 	EXP 	fix: autoDraw = True
26.3774 	EXP 	fix: autoDraw = False
26.6279 	INFO 	Keyboard events cleared
26.6277 	EXP 	stimulus: autoDraw = True
27.0817 	EXP 	Created unnamed TextStim = TextStim(__class__=<class 'psychopy.visual.text.TextStim'>, alignHoriz=method-wrapper(...), alignText='center', alignVert=method-wrapper(...), anchorHoriz='center', anchorVert='center', antialias=True, autoDraw=False, autoLog=True, bold=False, color=array([ 1., -1., -1.]), colorSpace='rgb', contrast=1.0, depth=0, draggable=False, flipHoriz=False, flipVert=False, font='', fontFiles=[], height=0.05, italic=False, languageStyle='LTR', name='unnamed TextStim', opacity=1.0, ori=0.0, pos=array([0., 0.]), rgb=UNKNOWN, text='Incorrect!', units='height', win=Window(...), wrapWidth=1)
27.0821 	DATA 	Keypress: lshift
27.0962 	EXP 	fix: autoDraw = False
27.0962 	EXP 	stimulus: autoDraw = False
27.6178 	EXP 	proper_trials_prep_text: autoDraw = True
28.6234 	INFO 	Keyboard events cleared
30.2004 	EXP 	Imported stimuli/stim_long.csv as conditions, 300 conditions, 5 params
30.2019 	EXP 	New trial (rep=0, index=0): <Trial 0 (0 in rep 0) data={'item_nr': 112, 'condition': 'pseudoword', 'text': 'oßmiziivsem', 'corr_ans': 'lshift', 'is_practice_trial': False, 'thisN': 0, 'thisTrialN': 0, 'thisRepN': 0}>
30.2053 	DATA 	Keypress: space
30.2075 	EXP 	proper_trials_prep_text: autoDraw = False
30.2075 	EXP 	stimulus: height = 0.05
30.2075 	EXP 	stimulus: height = 0.05
30.2075 	EXP 	stimulus: height = 0.05
30.2075 	EXP 	stimulus: text = 'oßmiziivsem'
30.4417 	EXP 	fix: autoDraw = True
30.9425 	EXP 	fix: autoDraw = False
31.1935 	INFO 	Keyboard events cleared
31.1932 	EXP 	stimulus: autoDraw = True
31.8785 	EXP 	New trial (rep=0, index=1): <Trial 1 (1 in rep 0) data={'item_nr': 18, 'condition': 'word', 'text': 'Kreuzzug', 'corr_ans': 'rshift', 'is_practice_trial': False, 'thisN': 1, 'thisTrialN': 1, 'thisRepN': 0}>
31.8808 	DATA 	Keypress: lshift
31.8940 	EXP 	fix: autoDraw = False
31.8940 	EXP 	stimulus: autoDraw = False
31.8940 	EXP 	stimulus: height = 0.05
31.8940 	EXP 	stimulus: height = 0.05
31.8940 	EXP 	stimulus: height = 0.05
31.8940 	EXP 	stimulus: text = 'Kreuzzug'
32.1279 	EXP 	fix: autoDraw = True
32.6295 	EXP 	fix: autoDraw = False
32.8793 	INFO 	Keyboard events cleared
32.8790 	EXP 	stimulus: autoDraw = True
33.4475 	EXP 	New trial (rep=0, index=2): <Trial 2 (2 in rep 0) data={'item_nr': 58, 'condition': 'word', 'text': 'antaten', 'corr_ans': 'rshift', 'is_practice_trial': False, 'thisN': 2, 'thisTrialN': 2, 'thisRepN': 0}>
33.4497 	DATA 	Keypress: lshift
33.4630 	EXP 	fix: autoDraw = False
33.4630 	EXP 	stimulus: autoDraw = False
33.4630 	EXP 	stimulus: height = 0.05
33.4630 	EXP 	stimulus: height = 0.05
33.4630 	EXP 	stimulus: height = 0.05
33.4630 	EXP 	stimulus: text = 'antaten'
33.6968 	EXP 	fix: autoDraw = True
34.1977 	EXP 	fix: autoDraw = False
34.4476 	INFO 	Keyboard events cleared
34.4474 	EXP 	stimulus: autoDraw = True
35.4675 	EXP 	New trial (rep=0, index=3): <Trial 3 (3 in rep 0) data={'item_nr': 52, 'condition': 'word', 'text': 'absichtlichen', 'corr_ans': 'rshift', 'is_practice_trial': False, 'thisN': 3, 'thisTrialN': 3, 'thisRepN': 0}>
35.4693 	DATA 	Keypress: lshift
35.4836 	EXP 	fix: autoDraw = False
35.4836 	EXP 	stimulus: autoDraw = False
35.4836 	EXP 	stimulus: height = 0.05
35.4836 	EXP 	stimulus: height = 0.05
35.4836 	EXP 	stimulus: height = 0.05
35.4836 	EXP 	stimulus: text = 'absichtlichen'
35.7161 	EXP 	fix: autoDraw = True
36.2175 	EXP 	fix: autoDraw = False
36.4679 	INFO 	Keyboard events cleared
36.4675 	EXP 	stimulus: autoDraw = True
37.2364 	EXP 	New trial (rep=0, index=4): <Trial 4 (4 in rep 0) data={'item_nr': 129, 'condition': 'word', 'text': 'vergeltet', 'corr_ans': 'rshift', 'is_practice_trial': False, 'thisN': 4, 'thisTrialN': 4, 'thisRepN': 0}>
37.2384 	DATA 	Keypress: lshift
37.2521 	EXP 	fix: autoDraw = False
37.2521 	EXP 	stimulus: autoDraw = False
37.2521 	EXP 	stimulus: height = 0.05
37.2521 	EXP 	stimulus: height = 0.05
37.2521 	EXP 	stimulus: height = 0.05
37.2521 	EXP 	stimulus: text = 'vergeltet'
37.4860 	EXP 	fix: autoDraw = True
37.9866 	EXP 	fix: autoDraw = False
38.2379 	INFO 	Keyboard events cleared
38.2376 	EXP 	stimulus: autoDraw = True
39.2061 	EXP 	New trial (rep=0, index=5): <Trial 5 (5 in rep 0) data={'item_nr': 125, 'condition': 'pseudoword', 'text': 'Sevewoknischen', 'corr_ans': 'lshift', 'is_practice_trial': False, 'thisN': 5, 'thisTrialN': 5, 'thisRepN': 0}>
39.2093 	DATA 	Keypress: lshift
39.2217 	EXP 	fix: autoDraw = False
39.2217 	EXP 	stimulus: autoDraw = False
39.2217 	EXP 	stimulus: height = 0.05
39.2217 	EXP 	stimulus: height = 0.05
39.2217 	EXP 	stimulus: height = 0.05
39.2217 	EXP 	stimulus: text = 'Sevewoknischen'
39.4557 	EXP 	fix: autoDraw = True
39.9559 	EXP 	fix: autoDraw = False
40.2070 	INFO 	Keyboard events cleared
40.2067 	EXP 	stimulus: autoDraw = True
40.9590 	EXP 	New trial (rep=0, index=6): <Trial 6 (6 in rep 0) data={'item_nr': 42, 'condition': 'word', 'text': 'Treter', 'corr_ans': 'rshift', 'is_practice_trial': False, 'thisN': 6, 'thisTrialN': 6, 'thisRepN': 0}>
40.9610 	DATA 	Keypress: lshift
40.9749 	EXP 	fix: autoDraw = False
40.9749 	EXP 	stimulus: autoDraw = False
40.9749 	EXP 	stimulus: height = 0.05
40.9749 	EXP 	stimulus: height = 0.05
40.9749 	EXP 	stimulus: height = 0.05
40.9749 	EXP 	stimulus: text = 'Treter'
41.2080 	EXP 	fix: autoDraw = True
41.7091 	EXP 	fix: autoDraw = False
41.9595 	INFO 	Keyboard events cleared
41.9592 	EXP 	stimulus: autoDraw = True
42.6621 	EXP 	New trial (rep=0, index=7): <Trial 7 (7 in rep 0) data={'item_nr': 30, 'condition': 'word', 'text': 'Röntgen', 'corr_ans': 'rshift', 'is_practice_trial': False, 'thisN': 7, 'thisTrialN': 7, 'thisRepN': 0}>
42.6658 	DATA 	Keypress: lshift
42.6762 	EXP 	fix: autoDraw = False
42.6762 	EXP 	stimulus: autoDraw = False
42.6762 	EXP 	stimulus: height = 0.05
42.6762 	EXP 	stimulus: height = 0.05
42.6762 	EXP 	stimulus: height = 0.05
42.6762 	EXP 	stimulus: text = 'Röntgen'
42.9274 	EXP 	fix: autoDraw = True
43.4281 	EXP 	fix: autoDraw = False
43.6621 	INFO 	Keyboard events cleared
43.6618 	EXP 	stimulus: autoDraw = True
44.3470 	EXP 	New trial (rep=0, index=8): <Trial 8 (8 in rep 0) data={'item_nr': 101, 'condition': 'word', 'text': 'jahrelanges', 'corr_ans': 'rshift', 'is_practice_trial': False, 'thisN': 8, 'thisTrialN': 8, 'thisRepN': 0}>
44.3502 	DATA 	Keypress: lshift
44.3644 	EXP 	fix: autoDraw = False
44.3644 	EXP 	stimulus: autoDraw = False
44.3644 	EXP 	stimulus: height = 0.05
44.3644 	EXP 	stimulus: height = 0.05
44.3644 	EXP 	stimulus: height = 0.05
44.3644 	EXP 	stimulus: text = 'jahrelanges'
44.5969 	EXP 	fix: autoDraw = True
45.0974 	EXP 	fix: autoDraw = False
45.3483 	INFO 	Keyboard events cleared
45.3480 	EXP 	stimulus: autoDraw = True
46.3007 	EXP 	New trial (rep=0, index=9): <Trial 9 (9 in rep 0) data={'item_nr': 81, 'condition': 'word', 'text': 'endgültig', 'corr_ans': 'rshift', 'is_practice_trial': False, 'thisN': 9, 'thisTrialN': 9, 'thisRepN': 0}>
46.3054 	DATA 	Keypress: lshift
46.3154 	EXP 	fix: autoDraw = False
46.3154 	EXP 	stimulus: autoDraw = False
46.3154 	EXP 	stimulus: height = 0.05
46.3154 	EXP 	stimulus: height = 0.05
46.3154 	EXP 	stimulus: height = 0.05
46.3154 	EXP 	stimulus: text = 'endgültig'
46.5662 	EXP 	fix: autoDraw = True
47.0668 	EXP 	fix: autoDraw = False
47.3009 	INFO 	Keyboard events cleared
47.3006 	EXP 	stimulus: autoDraw = True
48.1030 	EXP 	New trial (rep=0, index=10): <Trial 10 (10 in rep 0) data={'item_nr': 15, 'condition': 'word', 'text': 'Kollegium', 'corr_ans': 'rshift', 'is_practice_trial': False, 'thisN': 10, 'thisTrialN': 10, 'thisRepN': 0}>
48.1054 	DATA 	Keypress: lshift
48.1185 	EXP 	fix: autoDraw = False
48.1185 	EXP 	stimulus: autoDraw = False
48.1185 	EXP 	stimulus: height = 0.05
48.1185 	EXP 	stimulus: height = 0.05
48.1185 	EXP 	stimulus: height = 0.05
48.1185 	EXP 	stimulus: text = 'Kollegium'
48.3530 	EXP 	fix: autoDraw = True
48.8532 	EXP 	fix: autoDraw = False
49.1035 	INFO 	Keyboard events cleared
49.1032 	EXP 	stimulus: autoDraw = True
49.9556 	EXP 	New trial (rep=0, index=11): <Trial 11 (11 in rep 0) data={'item_nr': 79, 'condition': 'pseudoword', 'text': 'einpellsten', 'corr_ans': 'lshift', 'is_practice_trial': False, 'thisN': 11, 'thisTrialN': 11, 'thisRepN': 0}>
49.9574 	DATA 	Keypress: lshift
49.9715 	EXP 	fix: autoDraw = False
49.9715 	EXP 	stimulus: autoDraw = False
49.9715 	EXP 	stimulus: height = 0.05
49.9715 	EXP 	stimulus: height = 0.05
49.9715 	EXP 	stimulus: height = 0.05
49.9715 	EXP 	stimulus: text = 'einpellsten'
50.2049 	EXP 	fix: autoDraw = True
50.7059 	EXP 	fix: autoDraw = False
50.9562 	INFO 	Keyboard events cleared
50.9559 	EXP 	stimulus: autoDraw = True
52.5942 	EXP 	New trial (rep=0, index=12): <Trial 12 (12 in rep 0) data={'item_nr': 90, 'condition': 'pseudoword', 'text': 'riviert', 'corr_ans': 'lshift', 'is_practice_trial': False, 'thisN': 12, 'thisTrialN': 12, 'thisRepN': 0}>
52.5964 	DATA 	Keypress: lshift
52.6084 	EXP 	fix: autoDraw = False
52.6084 	EXP 	stimulus: autoDraw = False
52.6084 	EXP 	stimulus: height = 0.05
52.6084 	EXP 	stimulus: height = 0.05
52.6084 	EXP 	stimulus: height = 0.05
52.6084 	EXP 	stimulus: text = 'riviert'
52.8422 	EXP 	fix: autoDraw = True
53.3431 	EXP 	fix: autoDraw = False
53.5939 	INFO 	Keyboard events cleared
53.5936 	EXP 	stimulus: autoDraw = True
54.4796 	EXP 	New trial (rep=0, index=13): <Trial 13 (13 in rep 0) data={'item_nr': 69, 'condition': 'pseudoword', 'text': 'benäugen', 'corr_ans': 'lshift', 'is_practice_trial': False, 'thisN': 13, 'thisTrialN': 13, 'thisRepN': 0}>
54.4831 	DATA 	Keypress: lshift
54.4948 	EXP 	fix: autoDraw = False
54.4948 	EXP 	stimulus: autoDraw = False
54.4948 	EXP 	stimulus: height = 0.05
54.4948 	EXP 	stimulus: height = 0.05
54.4948 	EXP 	stimulus: height = 0.05
54.4948 	EXP 	stimulus: text = 'benäugen'
54.7456 	EXP 	fix: autoDraw = True
55.2459 	EXP 	fix: autoDraw = False
55.4802 	INFO 	Keyboard events cleared
55.4800 	EXP 	stimulus: autoDraw = True
56.9498 	EXP 	New trial (rep=0, index=14): <Trial 14 (14 in rep 0) data={'item_nr': 113, 'condition': 'word', 'text': 'parfümiert', 'corr_ans': 'rshift', 'is_practice_trial': False, 'thisN': 14, 'thisTrialN': 14, 'thisRepN': 0}>
56.9526 	DATA 	Keypress: lshift
56.9657 	EXP 	fix: autoDraw = False
56.9657 	EXP 	stimulus: autoDraw = False
56.9657 	EXP 	stimulus: height = 0.05
56.9657 	EXP 	stimulus: height = 0.05
56.9657 	EXP 	stimulus: height = 0.05
56.9657 	EXP 	stimulus: text = 'parfümiert'
57.2155 	EXP 	fix: autoDraw = True
57.7162 	EXP 	fix: autoDraw = False
57.9507 	INFO 	Keyboard events cleared
57.9503 	EXP 	stimulus: autoDraw = True
59.1031 	EXP 	New trial (rep=0, index=15): <Trial 15 (15 in rep 0) data={'item_nr': 8, 'condition': 'pseudoword', 'text': 'Gisiblase', 'corr_ans': 'lshift', 'is_practice_trial': False, 'thisN': 15, 'thisTrialN': 15, 'thisRepN': 0}>
59.1051 	DATA 	Keypress: lshift
59.1187 	EXP 	fix: autoDraw = False
59.1187 	EXP 	stimulus: autoDraw = False
59.1187 	EXP 	stimulus: height = 0.05
59.1187 	EXP 	stimulus: height = 0.05
59.1187 	EXP 	stimulus: height = 0.05
59.1187 	EXP 	stimulus: text = 'Gisiblase'
59.3526 	EXP 	fix: autoDraw = True
59.8531 	EXP 	fix: autoDraw = False
60.1039 	INFO 	Keyboard events cleared
60.1037 	EXP 	stimulus: autoDraw = True
62.3573 	EXP 	New trial (rep=0, index=16): <Trial 16 (16 in rep 0) data={'item_nr': 110, 'condition': 'pseudoword', 'text': 'quaserbesprugen', 'corr_ans': 'lshift', 'is_practice_trial': False, 'thisN': 16, 'thisTrialN': 16, 'thisRepN': 0}>
62.3610 	DATA 	Keypress: lshift
62.3727 	EXP 	fix: autoDraw = False
62.3727 	EXP 	stimulus: autoDraw = False
62.3727 	EXP 	stimulus: height = 0.05
62.3727 	EXP 	stimulus: height = 0.05
62.3727 	EXP 	stimulus: height = 0.05
62.3727 	EXP 	stimulus: text = 'quaserbesprugen'
62.6071 	EXP 	fix: autoDraw = True
63.1078 	EXP 	fix: autoDraw = False
63.3585 	INFO 	Keyboard events cleared
63.3583 	EXP 	stimulus: autoDraw = True
64.1786 	EXP 	New trial (rep=0, index=17): <Trial 17 (17 in rep 0) data={'item_nr': 35, 'condition': 'word', 'text': 'Sowjetbürger', 'corr_ans': 'rshift', 'is_practice_trial': False, 'thisN': 17, 'thisTrialN': 17, 'thisRepN': 0}>
64.1815 	DATA 	Keypress: lshift
64.1928 	EXP 	fix: autoDraw = False
64.1928 	EXP 	stimulus: autoDraw = False
64.1928 	EXP 	stimulus: height = 0.05
64.1928 	EXP 	stimulus: height = 0.05
64.1928 	EXP 	stimulus: height = 0.05
64.1928 	EXP 	stimulus: text = 'Sowjetbürger'
64.4437 	EXP 	fix: autoDraw = True
64.9441 	EXP 	fix: autoDraw = False
65.1947 	INFO 	Keyboard events cleared
65.1944 	EXP 	stimulus: autoDraw = True
67.2324 	EXP 	New trial (rep=0, index=18): <Trial 18 (18 in rep 0) data={'item_nr': 100, 'condition': 'word', 'text': 'interpretiert', 'corr_ans': 'rshift', 'is_practice_trial': False, 'thisN': 18, 'thisTrialN': 18, 'thisRepN': 0}>
67.2343 	DATA 	Keypress: lshift
67.2477 	EXP 	fix: autoDraw = False
67.2477 	EXP 	stimulus: autoDraw = False
67.2477 	EXP 	stimulus: height = 0.05
67.2477 	EXP 	stimulus: height = 0.05
67.2477 	EXP 	stimulus: height = 0.05
67.2477 	EXP 	stimulus: text = 'interpretiert'
67.4976 	EXP 	fix: autoDraw = True
67.9986 	EXP 	fix: autoDraw = False
68.2324 	INFO 	Keyboard events cleared
68.2321 	EXP 	stimulus: autoDraw = True
69.2520 	EXP 	New trial (rep=0, index=19): <Trial 19 (19 in rep 0) data={'item_nr': 78, 'condition': 'word', 'text': 'durchquerten', 'corr_ans': 'rshift', 'is_practice_trial': False, 'thisN': 19, 'thisTrialN': 19, 'thisRepN': 0}>
69.2556 	DATA 	Keypress: lshift
69.2676 	EXP 	fix: autoDraw = False
69.2676 	EXP 	stimulus: autoDraw = False
69.2676 	EXP 	stimulus: height = 0.05
69.2676 	EXP 	stimulus: height = 0.05
69.2676 	EXP 	stimulus: height = 0.05
69.2676 	EXP 	stimulus: text = 'durchquerten'
69.5011 	EXP 	fix: autoDraw = True
70.0020 	EXP 	fix: autoDraw = False
70.2520 	INFO 	Keyboard events cleared
70.2517 	EXP 	stimulus: autoDraw = True
71.6387 	EXP 	New trial (rep=0, index=20): <Trial 20 (20 in rep 0) data={'item_nr': 28, 'condition': 'word', 'text': 'Rasters', 'corr_ans': 'rshift', 'is_practice_trial': False, 'thisN': 20, 'thisTrialN': 20, 'thisRepN': 0}>
71.6404 	DATA 	Keypress: lshift
71.6544 	EXP 	fix: autoDraw = False
71.6544 	EXP 	stimulus: autoDraw = False
71.6544 	EXP 	stimulus: height = 0.05
71.6544 	EXP 	stimulus: height = 0.05
71.6544 	EXP 	stimulus: height = 0.05
71.6544 	EXP 	stimulus: text = 'Rasters'
71.8879 	EXP 	fix: autoDraw = True
72.3890 	EXP 	fix: autoDraw = False
72.6390 	INFO 	Keyboard events cleared
72.6387 	EXP 	stimulus: autoDraw = True
73.8088 	EXP 	New trial (rep=0, index=21): <Trial 21 (21 in rep 0) data={'item_nr': 62, 'condition': 'word', 'text': 'auffälliges', 'corr_ans': 'rshift', 'is_practice_trial': False, 'thisN': 21, 'thisTrialN': 21, 'thisRepN': 0}>
73.8116 	DATA 	Keypress: lshift
73.8246 	EXP 	fix: autoDraw = False
73.8246 	EXP 	stimulus: autoDraw = False
73.8246 	EXP 	stimulus: height = 0.05
73.8246 	EXP 	stimulus: height = 0.05
73.8246 	EXP 	stimulus: height = 0.05
73.8246 	EXP 	stimulus: text = 'auffälliges'
74.0577 	EXP 	fix: autoDraw = True
74.5591 	EXP 	fix: autoDraw = False
74.8089 	INFO 	Keyboard events cleared
74.8086 	EXP 	stimulus: autoDraw = True
76.1284 	EXP 	New trial (rep=0, index=22): <Trial 22 (22 in rep 0) data={'item_nr': 148, 'condition': 'word', 'text': 'überbelegt', 'corr_ans': 'rshift', 'is_practice_trial': False, 'thisN': 22, 'thisTrialN': 22, 'thisRepN': 0}>
76.1314 	DATA 	Keypress: lshift
76.1444 	EXP 	fix: autoDraw = False
76.1444 	EXP 	stimulus: autoDraw = False
76.1444 	EXP 	stimulus: height = 0.05
76.1444 	EXP 	stimulus: height = 0.05
76.1444 	EXP 	stimulus: height = 0.05
76.1444 	EXP 	stimulus: text = 'überbelegt'
76.3781 	EXP 	fix: autoDraw = True
76.8789 	EXP 	fix: autoDraw = False
77.1295 	INFO 	Keyboard events cleared
77.1292 	EXP 	stimulus: autoDraw = True
77.9486 	EXP 	New trial (rep=0, index=23): <Trial 23 (23 in rep 0) data={'item_nr': 14, 'condition': 'word', 'text': 'Kanäle', 'corr_ans': 'rshift', 'is_practice_trial': False, 'thisN': 23, 'thisTrialN': 23, 'thisRepN': 0}>
77.9511 	DATA 	Keypress: lshift
77.9623 	EXP 	fix: autoDraw = False
77.9623 	EXP 	stimulus: autoDraw = False
77.9623 	EXP 	stimulus: height = 0.05
77.9623 	EXP 	stimulus: height = 0.05
77.9623 	EXP 	stimulus: height = 0.05
77.9623 	EXP 	stimulus: text = 'Kanäle'
78.2141 	EXP 	fix: autoDraw = True
78.7148 	EXP 	fix: autoDraw = False
78.9493 	INFO 	Keyboard events cleared
78.9489 	EXP 	stimulus: autoDraw = True
79.5174 	EXP 	New trial (rep=0, index=24): <Trial 24 (24 in rep 0) data={'item_nr': 114, 'condition': 'pseudoword', 'text': 'messelt', 'corr_ans': 'lshift', 'is_practice_trial': False, 'thisN': 24, 'thisTrialN': 24, 'thisRepN': 0}>
79.5194 	DATA 	Keypress: lshift
79.5331 	EXP 	fix: autoDraw = False
79.5331 	EXP 	stimulus: autoDraw = False
79.5331 	EXP 	stimulus: height = 0.05
79.5331 	EXP 	stimulus: height = 0.05
79.5331 	EXP 	stimulus: height = 0.05
79.5331 	EXP 	stimulus: text = 'messelt'
79.7673 	EXP 	fix: autoDraw = True
80.2675 	EXP 	fix: autoDraw = False
80.5178 	INFO 	Keyboard events cleared
80.5175 	EXP 	stimulus: autoDraw = True
81.1362 	EXP 	New trial (rep=0, index=25): <Trial 25 (25 in rep 0) data={'item_nr': 93, 'condition': 'pseudoword', 'text': 'wafspiges', 'corr_ans': 'lshift', 'is_practice_trial': False, 'thisN': 25, 'thisTrialN': 25, 'thisRepN': 0}>
81.1380 	DATA 	Keypress: lshift
81.1515 	EXP 	fix: autoDraw = False
81.1515 	EXP 	stimulus: autoDraw = False
81.1515 	EXP 	stimulus: height = 0.05
81.1515 	EXP 	stimulus: height = 0.05
81.1515 	EXP 	stimulus: height = 0.05
81.1515 	EXP 	stimulus: text = 'wafspiges'
81.3859 	EXP 	fix: autoDraw = True
81.8862 	EXP 	fix: autoDraw = False
82.1369 	INFO 	Keyboard events cleared
82.1367 	EXP 	stimulus: autoDraw = True
83.1732 	EXP 	New trial (rep=0, index=26): <Trial 26 (26 in rep 0) data={'item_nr': 18, 'condition': 'pseudoword', 'text': 'Kräppzug', 'corr_ans': 'lshift', 'is_practice_trial': False, 'thisN': 26, 'thisTrialN': 26, 'thisRepN': 0}>
83.1752 	DATA 	Keypress: lshift
83.1885 	EXP 	fix: autoDraw = False
83.1885 	EXP 	stimulus: autoDraw = False
83.1885 	EXP 	stimulus: height = 0.05
83.1885 	EXP 	stimulus: height = 0.05
83.1885 	EXP 	stimulus: height = 0.05
83.1885 	EXP 	stimulus: text = 'Kräppzug'
83.4223 	EXP 	fix: autoDraw = True
84.0012 	EXP 	fix: autoDraw = False
84.1775 	INFO 	Keyboard events cleared
84.1771 	EXP 	stimulus: autoDraw = True
106.3273 	DATA 	Mouse: Left button down, pos=(1278,259)
106.3936 	DATA 	Mouse:  Left button up, pos=(1278,259)
107.0928 	EXP 	New trial (rep=0, index=27): <Trial 27 (27 in rep 0) data={'item_nr': 104, 'condition': 'word', 'text': 'kreiere', 'corr_ans': 'rshift', 'is_practice_trial': False, 'thisN': 27, 'thisTrialN': 27, 'thisRepN': 0}>
107.0952 	DATA 	Keypress: lshift
107.1074 	EXP 	fix: autoDraw = False
107.1074 	EXP 	stimulus: autoDraw = False
107.1074 	EXP 	stimulus: height = 0.05
107.1074 	EXP 	stimulus: height = 0.05
107.1074 	EXP 	stimulus: height = 0.05
107.1074 	EXP 	stimulus: text = 'kreiere'
107.3575 	EXP 	fix: autoDraw = True
107.8583 	EXP 	fix: autoDraw = False
108.0928 	INFO 	Keyboard events cleared
108.0926 	EXP 	stimulus: autoDraw = True
109.5960 	EXP 	New trial (rep=0, index=28): <Trial 28 (28 in rep 0) data={'item_nr': 29, 'condition': 'pseudoword', 'text': 'Rechtsfissenstrent', 'corr_ans': 'lshift', 'is_practice_trial': False, 'thisN': 28, 'thisTrialN': 28, 'thisRepN': 0}>
109.5985 	DATA 	Keypress: lshift
109.6117 	EXP 	fix: autoDraw = False
109.6117 	EXP 	stimulus: autoDraw = False
109.6117 	EXP 	stimulus: height = 0.05
109.6117 	EXP 	stimulus: height = 0.05
109.6117 	EXP 	stimulus: height = 0.05
109.6117 	EXP 	stimulus: text = 'Rechtsfissenstrent'
109.8455 	EXP 	fix: autoDraw = True
110.3461 	EXP 	fix: autoDraw = False
110.5973 	INFO 	Keyboard events cleared
110.5970 	EXP 	stimulus: autoDraw = True
111.5329 	EXP 	New trial (rep=0, index=29): <Trial 29 (29 in rep 0) data={'item_nr': 132, 'condition': 'word', 'text': 'versteigere', 'corr_ans': 'rshift', 'is_practice_trial': False, 'thisN': 29, 'thisTrialN': 29, 'thisRepN': 0}>
111.5348 	DATA 	Keypress: lshift
111.5474 	EXP 	fix: autoDraw = False
111.5474 	EXP 	stimulus: autoDraw = False
111.5474 	EXP 	stimulus: height = 0.05
111.5474 	EXP 	stimulus: height = 0.05
111.5474 	EXP 	stimulus: height = 0.05
111.5474 	EXP 	stimulus: text = 'versteigere'
111.7983 	EXP 	fix: autoDraw = True
112.3000 	EXP 	fix: autoDraw = False
112.5332 	INFO 	Keyboard events cleared
112.5329 	EXP 	stimulus: autoDraw = True
113.5358 	EXP 	New trial (rep=0, index=30): <Trial 30 (30 in rep 0) data={'item_nr': 90, 'condition': 'word', 'text': 'fixiert', 'corr_ans': 'rshift', 'is_practice_trial': False, 'thisN': 30, 'thisTrialN': 30, 'thisRepN': 0}>
113.5377 	DATA 	Keypress: lshift
113.5514 	EXP 	fix: autoDraw = False
113.5514 	EXP 	stimulus: autoDraw = False
113.5514 	EXP 	stimulus: height = 0.05
113.5514 	EXP 	stimulus: height = 0.05
113.5514 	EXP 	stimulus: height = 0.05
113.5514 	EXP 	stimulus: text = 'fixiert'
113.8009 	EXP 	fix: autoDraw = True
114.3017 	EXP 	fix: autoDraw = False
114.5372 	INFO 	Keyboard events cleared
114.5369 	EXP 	stimulus: autoDraw = True
115.1875 	EXP 	New trial (rep=0, index=31): <Trial 31 (31 in rep 0) data={'item_nr': 27, 'condition': 'pseudoword', 'text': 'dükken', 'corr_ans': 'lshift', 'is_practice_trial': False, 'thisN': 31, 'thisTrialN': 31, 'thisRepN': 0}>
115.1893 	DATA 	Keypress: lshift
115.2043 	EXP 	fix: autoDraw = False
115.2043 	EXP 	stimulus: autoDraw = False
115.2043 	EXP 	stimulus: height = 0.05
115.2043 	EXP 	stimulus: height = 0.05
115.2043 	EXP 	stimulus: height = 0.05
115.2043 	EXP 	stimulus: text = 'dükken'
115.4372 	EXP 	fix: autoDraw = True
115.9374 	EXP 	fix: autoDraw = False
116.1884 	INFO 	Keyboard events cleared
116.1882 	EXP 	stimulus: autoDraw = True
117.0414 	EXP 	New trial (rep=0, index=32): <Trial 32 (32 in rep 0) data={'item_nr': 76, 'condition': 'pseudoword', 'text': 'dogt', 'corr_ans': 'lshift', 'is_practice_trial': False, 'thisN': 32, 'thisTrialN': 32, 'thisRepN': 0}>
117.0440 	DATA 	Keypress: lshift
117.0557 	EXP 	fix: autoDraw = False
117.0557 	EXP 	stimulus: autoDraw = False
117.0557 	EXP 	stimulus: height = 0.05
117.0557 	EXP 	stimulus: height = 0.05
117.0557 	EXP 	stimulus: height = 0.05
117.0557 	EXP 	stimulus: text = 'dogt'
117.3064 	EXP 	fix: autoDraw = True
117.8074 	EXP 	fix: autoDraw = False
118.0415 	INFO 	Keyboard events cleared
118.0413 	EXP 	stimulus: autoDraw = True
118.9437 	EXP 	New trial (rep=0, index=33): <Trial 33 (33 in rep 0) data={'item_nr': 92, 'condition': 'word', 'text': 'füttere', 'corr_ans': 'rshift', 'is_practice_trial': False, 'thisN': 33, 'thisTrialN': 33, 'thisRepN': 0}>
118.9459 	DATA 	Keypress: lshift
118.9589 	EXP 	fix: autoDraw = False
118.9589 	EXP 	stimulus: autoDraw = False
118.9589 	EXP 	stimulus: height = 0.05
118.9589 	EXP 	stimulus: height = 0.05
118.9589 	EXP 	stimulus: height = 0.05
118.9589 	EXP 	stimulus: text = 'füttere'
119.1936 	EXP 	fix: autoDraw = True
119.6935 	EXP 	fix: autoDraw = False
119.9443 	INFO 	Keyboard events cleared
119.9442 	EXP 	stimulus: autoDraw = True
120.5625 	EXP 	New trial (rep=0, index=34): <Trial 34 (34 in rep 0) data={'item_nr': 38, 'condition': 'pseudoword', 'text': 'Sönttom', 'corr_ans': 'lshift', 'is_practice_trial': False, 'thisN': 34, 'thisTrialN': 34, 'thisRepN': 0}>
120.5649 	DATA 	Keypress: lshift
120.5784 	EXP 	fix: autoDraw = False
120.5784 	EXP 	stimulus: autoDraw = False
120.5784 	EXP 	stimulus: height = 0.05
120.5784 	EXP 	stimulus: height = 0.05
120.5784 	EXP 	stimulus: height = 0.05
120.5784 	EXP 	stimulus: text = 'Sönttom'
120.8123 	EXP 	fix: autoDraw = True
121.3129 	EXP 	fix: autoDraw = False
121.5631 	INFO 	Keyboard events cleared
121.5627 	EXP 	stimulus: autoDraw = True
122.1651 	EXP 	New trial (rep=0, index=35): <Trial 35 (35 in rep 0) data={'item_nr': 76, 'condition': 'word', 'text': 'doch', 'corr_ans': 'rshift', 'is_practice_trial': False, 'thisN': 35, 'thisTrialN': 35, 'thisRepN': 0}>
122.1673 	DATA 	Keypress: lshift
122.1804 	EXP 	fix: autoDraw = False
122.1804 	EXP 	stimulus: autoDraw = False
122.1804 	EXP 	stimulus: height = 0.05
122.1804 	EXP 	stimulus: height = 0.05
122.1804 	EXP 	stimulus: height = 0.05
122.1804 	EXP 	stimulus: text = 'doch'
122.4145 	EXP 	fix: autoDraw = True
122.9156 	EXP 	fix: autoDraw = False
123.1655 	INFO 	Keyboard events cleared
123.1652 	EXP 	stimulus: autoDraw = True
123.6669 	EXP 	New trial (rep=0, index=36): <Trial 36 (36 in rep 0) data={'item_nr': 30, 'condition': 'pseudoword', 'text': 'Räckgen', 'corr_ans': 'lshift', 'is_practice_trial': False, 'thisN': 36, 'thisTrialN': 36, 'thisRepN': 0}>
123.6692 	DATA 	Keypress: lshift
123.6832 	EXP 	fix: autoDraw = False
123.6832 	EXP 	stimulus: autoDraw = False
123.6832 	EXP 	stimulus: height = 0.05
123.6832 	EXP 	stimulus: height = 0.05
123.6832 	EXP 	stimulus: height = 0.05
123.6832 	EXP 	stimulus: text = 'Räckgen'
123.9171 	EXP 	fix: autoDraw = True
124.4171 	EXP 	fix: autoDraw = False
124.6679 	INFO 	Keyboard events cleared
124.6676 	EXP 	stimulus: autoDraw = True
125.4199 	EXP 	New trial (rep=0, index=37): <Trial 37 (37 in rep 0) data={'item_nr': 62, 'condition': 'pseudoword', 'text': 'aushürliges', 'corr_ans': 'lshift', 'is_practice_trial': False, 'thisN': 37, 'thisTrialN': 37, 'thisRepN': 0}>
125.4224 	DATA 	Keypress: lshift
125.4357 	EXP 	fix: autoDraw = False
125.4357 	EXP 	stimulus: autoDraw = False
125.4357 	EXP 	stimulus: height = 0.05
125.4357 	EXP 	stimulus: height = 0.05
125.4357 	EXP 	stimulus: height = 0.05
125.4357 	EXP 	stimulus: text = 'aushürliges'
125.6691 	EXP 	fix: autoDraw = True
126.1703 	EXP 	fix: autoDraw = False
126.4202 	INFO 	Keyboard events cleared
126.4200 	EXP 	stimulus: autoDraw = True
127.2228 	EXP 	New trial (rep=0, index=38): <Trial 38 (38 in rep 0) data={'item_nr': 67, 'condition': 'pseudoword', 'text': 'aufdergt', 'corr_ans': 'lshift', 'is_practice_trial': False, 'thisN': 38, 'thisTrialN': 38, 'thisRepN': 0}>
127.2247 	DATA 	Keypress: lshift
127.2384 	EXP 	fix: autoDraw = False
127.2384 	EXP 	stimulus: autoDraw = False
127.2384 	EXP 	stimulus: height = 0.05
127.2384 	EXP 	stimulus: height = 0.05
127.2384 	EXP 	stimulus: height = 0.05
127.2384 	EXP 	stimulus: text = 'aufdergt'
127.4722 	EXP 	fix: autoDraw = True
127.9728 	EXP 	fix: autoDraw = False
128.2241 	INFO 	Keyboard events cleared
128.2238 	EXP 	stimulus: autoDraw = True
129.3932 	EXP 	New trial (rep=0, index=39): <Trial 39 (39 in rep 0) data={'item_nr': 140, 'condition': 'pseudoword', 'text': 'Austerbafer', 'corr_ans': 'lshift', 'is_practice_trial': False, 'thisN': 39, 'thisTrialN': 39, 'thisRepN': 0}>
129.3957 	DATA 	Keypress: lshift
129.4081 	EXP 	fix: autoDraw = False
129.4081 	EXP 	stimulus: autoDraw = False
129.4081 	EXP 	stimulus: height = 0.05
129.4081 	EXP 	stimulus: height = 0.05
129.4081 	EXP 	stimulus: height = 0.05
129.4081 	EXP 	stimulus: text = 'Austerbafer'
129.6421 	EXP 	fix: autoDraw = True
130.1424 	EXP 	fix: autoDraw = False
130.3939 	INFO 	Keyboard events cleared
130.3933 	EXP 	stimulus: autoDraw = True
131.2617 	EXP 	New trial (rep=0, index=40): <Trial 40 (40 in rep 0) data={'item_nr': 110, 'condition': 'word', 'text': 'niedergezwungen', 'corr_ans': 'rshift', 'is_practice_trial': False, 'thisN': 40, 'thisTrialN': 40, 'thisRepN': 0}>
131.2643 	DATA 	Keypress: lshift
131.2777 	EXP 	fix: autoDraw = False
131.2777 	EXP 	stimulus: autoDraw = False
131.2777 	EXP 	stimulus: height = 0.05
131.2777 	EXP 	stimulus: height = 0.05
131.2777 	EXP 	stimulus: height = 0.05
131.2777 	EXP 	stimulus: text = 'niedergezwungen'
131.5118 	EXP 	fix: autoDraw = True
132.0122 	EXP 	fix: autoDraw = False
132.2627 	INFO 	Keyboard events cleared
132.2624 	EXP 	stimulus: autoDraw = True
133.5649 	EXP 	New trial (rep=0, index=41): <Trial 41 (41 in rep 0) data={'item_nr': 45, 'condition': 'word', 'text': 'Vertragsabschlüssen', 'corr_ans': 'rshift', 'is_practice_trial': False, 'thisN': 41, 'thisTrialN': 41, 'thisRepN': 0}>
133.5702 	DATA 	Keypress: lshift
133.5804 	EXP 	fix: autoDraw = False
133.5804 	EXP 	stimulus: autoDraw = False
133.5804 	EXP 	stimulus: height = 0.05
133.5804 	EXP 	stimulus: height = 0.05
133.5804 	EXP 	stimulus: height = 0.05
133.5804 	EXP 	stimulus: text = 'Vertragsabschlüssen'
133.8150 	EXP 	fix: autoDraw = True
134.3155 	EXP 	fix: autoDraw = False
134.5665 	INFO 	Keyboard events cleared
134.5661 	EXP 	stimulus: autoDraw = True
136.0033 	EXP 	New trial (rep=0, index=42): <Trial 42 (42 in rep 0) data={'item_nr': 95, 'condition': 'word', 'text': 'gesprochen', 'corr_ans': 'rshift', 'is_practice_trial': False, 'thisN': 42, 'thisTrialN': 42, 'thisRepN': 0}>
136.0054 	DATA 	Keypress: lshift
136.0181 	EXP 	fix: autoDraw = False
136.0181 	EXP 	stimulus: autoDraw = False
136.0181 	EXP 	stimulus: height = 0.05
136.0181 	EXP 	stimulus: height = 0.05
136.0181 	EXP 	stimulus: height = 0.05
136.0181 	EXP 	stimulus: text = 'gesprochen'
136.2688 	EXP 	fix: autoDraw = True
136.7696 	EXP 	fix: autoDraw = False
137.0035 	INFO 	Keyboard events cleared
137.0032 	EXP 	stimulus: autoDraw = True
137.8215 	EXP 	New trial (rep=0, index=43): <Trial 43 (43 in rep 0) data={'item_nr': 87, 'condition': 'word', 'text': 'ferneren', 'corr_ans': 'rshift', 'is_practice_trial': False, 'thisN': 43, 'thisTrialN': 43, 'thisRepN': 0}>
137.8241 	DATA 	Keypress: lshift
137.8371 	EXP 	fix: autoDraw = False
137.8371 	EXP 	stimulus: autoDraw = False
137.8371 	EXP 	stimulus: height = 0.05
137.8371 	EXP 	stimulus: height = 0.05
137.8371 	EXP 	stimulus: height = 0.05
137.8371 	EXP 	stimulus: text = 'ferneren'
138.0712 	EXP 	fix: autoDraw = True
138.5758 	EXP 	fix: autoDraw = False
138.8270 	INFO 	Keyboard events cleared
138.8265 	EXP 	stimulus: autoDraw = True
141.3276 	DATA 	Mouse: Left button down, pos=(1278,259)
141.4117 	DATA 	Mouse:  Left button up, pos=(1278,259)
142.2793 	DATA 	Keypress: lshift
142.2957 	EXP 	New trial (rep=0, index=44): <Trial 44 (44 in rep 0) data={'item_nr': 12, 'condition': 'word', 'text': 'Jugendfreund', 'corr_ans': 'rshift', 'is_practice_trial': False, 'thisN': 44, 'thisTrialN': 44, 'thisRepN': 0}>
142.3104 	EXP 	fix: autoDraw = False
142.3104 	EXP 	stimulus: autoDraw = False
142.3104 	EXP 	stimulus: height = 0.05
142.3104 	EXP 	stimulus: height = 0.05
142.3104 	EXP 	stimulus: height = 0.05
142.3104 	EXP 	stimulus: text = 'Jugendfreund'
142.5452 	EXP 	fix: autoDraw = True
143.0457 	EXP 	fix: autoDraw = False
143.2962 	INFO 	Keyboard events cleared
143.2958 	EXP 	stimulus: autoDraw = True
144.1161 	EXP 	New trial (rep=0, index=45): <Trial 45 (45 in rep 0) data={'item_nr': 44, 'condition': 'word', 'text': 'Vereinfachung', 'corr_ans': 'rshift', 'is_practice_trial': False, 'thisN': 45, 'thisTrialN': 45, 'thisRepN': 0}>
144.1193 	DATA 	Keypress: lshift
144.1305 	EXP 	fix: autoDraw = False
144.1305 	EXP 	stimulus: autoDraw = False
144.1305 	EXP 	stimulus: height = 0.05
144.1305 	EXP 	stimulus: height = 0.05
144.1305 	EXP 	stimulus: height = 0.05
144.1305 	EXP 	stimulus: text = 'Vereinfachung'
144.3820 	EXP 	fix: autoDraw = True
144.8820 	EXP 	fix: autoDraw = False
145.1161 	INFO 	Keyboard events cleared
145.1158 	EXP 	stimulus: autoDraw = True
146.1349 	EXP 	New trial (rep=0, index=46): <Trial 46 (46 in rep 0) data={'item_nr': 75, 'condition': 'pseudoword', 'text': 'Neimem', 'corr_ans': 'lshift', 'is_practice_trial': False, 'thisN': 46, 'thisTrialN': 46, 'thisRepN': 0}>
146.1373 	DATA 	Keypress: lshift
146.1504 	EXP 	fix: autoDraw = False
146.1504 	EXP 	stimulus: autoDraw = False
146.1504 	EXP 	stimulus: height = 0.05
146.1504 	EXP 	stimulus: height = 0.05
146.1504 	EXP 	stimulus: height = 0.05
146.1504 	EXP 	stimulus: text = 'Neimem'
146.4009 	EXP 	fix: autoDraw = True
146.9015 	EXP 	fix: autoDraw = False
147.1360 	INFO 	Keyboard events cleared
147.1357 	EXP 	stimulus: autoDraw = True
169.6529 	EXP 	demo_experiment: status = STOPPED
169.6692 	EXP 	stimulus: autoDraw = False
169.6693 	EXP 	demo_experiment: status = STOPPED
169.6926 	INFO 	saved data to 'C:\\Users\\Jack\\Downloads\\demo_experiment\\data/232545_demo_experiment_2024-10-23_13h37.20.750.csv'
169.6958 	INFO 	saved data to C:\Users\Jack\Downloads\demo_experiment\data/232545_demo_experiment_2024-10-23_13h37.20.750.psydat
