26.8006 	INFO 	Loaded monitor calibration from ['2023_06_22 15:32']
27.0613 	EXP 	Created window1 = Window(allowGUI=False, allowStencil=False, autoLog=True, backendConf=UNKNOWN, backgroundFit=<method-wrapper '__getattribute__' of attributeSetter object at 0x0000020529C4F370>, backgroundImage=<method-wrapper '__getattribute__' of attributeSetter object at 0x0000020529C4F310>, bitsMode=UNKNOWN, blendMode='avg', bpc=(8, 8, 8), color=array([0, 0, 0]), colorSpace='rgb', depthBits=8, fullscr=True, gamma=None, gammaErrorPolicy='raise', infoMsg=UNKNOWN, lms=UNKNOWN, monitor=<psychopy.monitors.calibTools.Monitor object at 0x0000020529CFB220>, multiSample=False, name='window1', numSamples=2, pos=[0.0, 0.0], screen=0, size=array([1920, 1200]), stencilBits=0, stereo=False, title='PsychoPy', units='height', useFBO=True, useRetina=False, viewOri=0.0, viewPos=None, viewScale=None, waitBlanking=True, winType='pyglet')
27.0613 	EXP 	window1: backgroundImage = ''
27.0613 	EXP 	window1: backgroundFit = 'none'
27.1259 	EXP 	window1: Attempting to measure frame rate of screen (0) ...
27.1259 	EXP 	window1: recordFrameIntervals = False
27.3761 	EXP 	window1: recordFrameIntervals = True
27.6262 	EXP 	Screen (0) actual frame rate measured at 59.83Hz
27.6262 	EXP 	window1: recordFrameIntervals = False
30.8137 	INFO 	keyboard.Keyboard is using iohub backend.
30.8138 	INFO 	keyboard.Keyboard is using iohub backend.
30.8138 	INFO 	keyboard.Keyboard is using iohub backend.
30.8138 	INFO 	keyboard.Keyboard is using iohub backend.
30.8138 	INFO 	keyboard.Keyboard is using iohub backend.
30.8138 	INFO 	keyboard.Keyboard is using iohub backend.
30.8139 	EXP 	demo_experiment: status = STARTED
30.9251 	EXP 	Created intro_welcome = TextStim(__class__=<class 'psychopy.visual.text.TextStim'>, alignHoriz=method-wrapper(...), alignText='center', alignVert=method-wrapper(...), anchorHoriz='center', anchorVert='center', antialias=True, autoDraw=False, autoLog=True, bold=False, color=array([1., 1., 1.]), colorSpace='rgb', contrast=1.0, depth=0.0, draggable=False, flipHoriz=False, flipVert=False, font='Arial', fontFiles=[], height=0.05, italic=False, languageStyle='LTR', name='intro_welcome', opacity=1, ori=0.0, pos=array([0., 0.]), rgb=UNKNOWN, text=str(...), units='height', win=Window(...), wrapWidth=1)
30.9332 	EXP 	Created feedback_prep_text = TextStim(__class__=<class 'psychopy.visual.text.TextStim'>, alignHoriz=method-wrapper(...), alignText='center', alignVert=method-wrapper(...), anchorHoriz='center', anchorVert='center', antialias=True, autoDraw=False, autoLog=True, bold=False, color=array([1., 1., 1.]), colorSpace='rgb', contrast=1.0, depth=0.0, draggable=False, flipHoriz=False, flipVert=False, font='Arial', fontFiles=[], height=0.05, italic=False, languageStyle='LTR', name='feedback_prep_text', opacity=1, ori=0.0, pos=array([0., 0.]), rgb=UNKNOWN, text=str(...), units='height', win=Window(...), wrapWidth=1)
30.9348 	EXP 	Created fix = TextStim(__class__=<class 'psychopy.visual.text.TextStim'>, alignHoriz=method-wrapper(...), alignText='center', alignVert=method-wrapper(...), anchorHoriz='center', anchorVert='center', antialias=True, autoDraw=False, autoLog=True, bold=False, color=array([1., 1., 1.]), colorSpace='rgb', contrast=1.0, depth=0.0, draggable=False, flipHoriz=False, flipVert=False, font='Arial', fontFiles=[], height=0.05, italic=False, languageStyle='LTR', name='fix', opacity=1, ori=0.0, pos=array([0., 0.]), rgb=UNKNOWN, text='+', units='height', win=Window(...), wrapWidth=1)
30.9353 	EXP 	Created stimulus = TextStim(__class__=<class 'psychopy.visual.text.TextStim'>, alignHoriz=method-wrapper(...), alignText='center', alignVert=method-wrapper(...), anchorHoriz='center', anchorVert='center', antialias=True, autoDraw=False, autoLog=True, bold=False, color=array([1., 1., 1.]), colorSpace='rgb', contrast=1.0, depth=-1.0, draggable=False, flipHoriz=False, flipVert=False, font='Arial', fontFiles=[], height=0.05, italic=False, languageStyle='LTR', name='stimulus', opacity=1, ori=0.0, pos=array([0., 0.]), rgb=UNKNOWN, text='', units='height', win=Window(...), wrapWidth=1)
30.9429 	EXP 	Created proper_trials_prep_text = TextStim(__class__=<class 'psychopy.visual.text.TextStim'>, alignHoriz=method-wrapper(...), alignText='center', alignVert=method-wrapper(...), anchorHoriz='center', anchorVert='center', antialias=True, autoDraw=False, autoLog=True, bold=False, color=array([1., 1., 1.]), colorSpace='rgb', contrast=1.0, depth=0.0, draggable=False, flipHoriz=False, flipVert=False, font='Arial', fontFiles=[], height=0.05, italic=False, languageStyle='LTR', name='proper_trials_prep_text', opacity=1, ori=0.0, pos=array([0., 0.]), rgb=UNKNOWN, text=str(...), units='height', win=Window(...), wrapWidth=1)
30.9440 	EXP 	Created fix = TextStim(__class__=<class 'psychopy.visual.text.TextStim'>, alignHoriz=method-wrapper(...), alignText='center', alignVert=method-wrapper(...), anchorHoriz='center', anchorVert='center', antialias=True, autoDraw=False, autoLog=True, bold=False, color=array([1., 1., 1.]), colorSpace='rgb', contrast=1.0, depth=0.0, draggable=False, flipHoriz=False, flipVert=False, font='Arial', fontFiles=[], height=0.05, italic=False, languageStyle='LTR', name='fix', opacity=1, ori=0.0, pos=array([0., 0.]), rgb=UNKNOWN, text='+', units='height', win=Window(...), wrapWidth=1)
30.9445 	EXP 	Created stimulus = TextStim(__class__=<class 'psychopy.visual.text.TextStim'>, alignHoriz=method-wrapper(...), alignText='center', alignVert=method-wrapper(...), anchorHoriz='center', anchorVert='center', antialias=True, autoDraw=False, autoLog=True, bold=False, color=array([1., 1., 1.]), colorSpace='rgb', contrast=1.0, depth=-1.0, draggable=False, flipHoriz=False, flipVert=False, font='Arial', fontFiles=[], height=0.05, italic=False, languageStyle='LTR', name='stimulus', opacity=1, ori=0.0, pos=array([0., 0.]), rgb=UNKNOWN, text='', units='height', win=Window(...), wrapWidth=1)
30.9504 	EXP 	Created end_text = TextStim(__class__=<class 'psychopy.visual.text.TextStim'>, alignHoriz=method-wrapper(...), alignText='center', alignVert=method-wrapper(...), anchorHoriz='center', anchorVert='center', antialias=True, autoDraw=False, autoLog=True, bold=False, color=array([1., 1., 1.]), colorSpace='rgb', contrast=1.0, depth=0.0, draggable=False, flipHoriz=False, flipVert=False, font='Arial', fontFiles=[], height=0.05, italic=False, languageStyle='LTR', name='end_text', opacity=1, ori=0.0, pos=array([0., 0.]), rgb=UNKNOWN, text=str(...), units='height', win=Window(...), wrapWidth=1)
0.0118 	EXP 	intro_welcome: autoDraw = True
3.0007 	INFO 	Keyboard events cleared
66.2546 	DATA 	Keypress: space
66.2629 	INFO 	Keyboard events cleared
66.2627 	EXP 	intro_welcome: autoDraw = False
66.2627 	EXP 	feedback_prep_text: autoDraw = True
68.6180 	DATA 	Keypress: space
68.6402 	EXP 	Imported stimuli/practice_stim_long.csv as conditions, 10 conditions, 5 params
68.6405 	EXP 	New trial (rep=0, index=0): <Trial 0 (0 in rep 0) data={'item_nr': 5, 'condition': 'word', 'text': 'sicheren', 'corr_ans': 'ralt', 'is_practice_trial': True, 'thisN': 0, 'thisTrialN': 0, 'thisRepN': 0}>
68.6498 	EXP 	feedback_prep_text: autoDraw = False
68.6498 	EXP 	stimulus: height = 0.05
68.6498 	EXP 	stimulus: height = 0.05
68.6498 	EXP 	stimulus: height = 0.05
68.6498 	EXP 	stimulus: text = 'sicheren'
68.8827 	EXP 	fix: autoDraw = True
69.3845 	EXP 	fix: autoDraw = False
69.6347 	INFO 	Keyboard events cleared
69.6344 	EXP 	stimulus: autoDraw = True
70.1580 	EXP 	Created unnamed TextStim = TextStim(__class__=<class 'psychopy.visual.text.TextStim'>, alignHoriz=method-wrapper(...), alignText='center', alignVert=method-wrapper(...), anchorHoriz='center', anchorVert='center', antialias=True, autoDraw=False, autoLog=True, bold=False, color=array([-0.00392157,  1.        , -1.        ]), colorSpace='rgb', contrast=1.0, depth=0, draggable=False, flipHoriz=False, flipVert=False, font='', fontFiles=[], height=0.05, italic=False, languageStyle='LTR', name='unnamed TextStim', opacity=1.0, ori=0.0, pos=array([0., 0.]), rgb=UNKNOWN, text='Correct!', units='height', win=Window(...), wrapWidth=1)
70.1583 	DATA 	Keypress: lctrl
70.1584 	DATA 	Keypress: ralt
70.1678 	EXP 	fix: autoDraw = False
70.1678 	EXP 	stimulus: autoDraw = False
70.6860 	EXP 	New trial (rep=0, index=1): <Trial 1 (1 in rep 0) data={'item_nr': 4, 'condition': 'word', 'text': 'sagt', 'corr_ans': 'ralt', 'is_practice_trial': True, 'thisN': 1, 'thisTrialN': 1, 'thisRepN': 0}>
70.6910 	EXP 	stimulus: height = 0.05
70.6910 	EXP 	stimulus: height = 0.05
70.6910 	EXP 	stimulus: height = 0.05
70.6910 	EXP 	stimulus: text = 'sagt'
70.9445 	EXP 	fix: autoDraw = True
71.4449 	EXP 	fix: autoDraw = False
71.6960 	INFO 	Keyboard events cleared
71.6958 	EXP 	stimulus: autoDraw = True
72.3665 	EXP 	Created unnamed TextStim = TextStim(__class__=<class 'psychopy.visual.text.TextStim'>, alignHoriz=method-wrapper(...), alignText='center', alignVert=method-wrapper(...), anchorHoriz='center', anchorVert='center', antialias=True, autoDraw=False, autoLog=True, bold=False, color=array([-0.00392157,  1.        , -1.        ]), colorSpace='rgb', contrast=1.0, depth=0, draggable=False, flipHoriz=False, flipVert=False, font='', fontFiles=[], height=0.05, italic=False, languageStyle='LTR', name='unnamed TextStim', opacity=1.0, ori=0.0, pos=array([0., 0.]), rgb=UNKNOWN, text='Correct!', units='height', win=Window(...), wrapWidth=1)
72.3668 	DATA 	Keypress: lctrl
72.3669 	DATA 	Keypress: ralt
72.3800 	EXP 	fix: autoDraw = False
72.3800 	EXP 	stimulus: autoDraw = False
72.8978 	EXP 	New trial (rep=0, index=2): <Trial 2 (2 in rep 0) data={'item_nr': 4, 'condition': 'pseudoword', 'text': 'segt', 'corr_ans': 'lalt', 'is_practice_trial': True, 'thisN': 2, 'thisTrialN': 2, 'thisRepN': 0}>
72.9029 	EXP 	stimulus: height = 0.05
72.9029 	EXP 	stimulus: height = 0.05
72.9029 	EXP 	stimulus: height = 0.05
72.9029 	EXP 	stimulus: text = 'segt'
73.1560 	EXP 	fix: autoDraw = True
73.6568 	EXP 	fix: autoDraw = False
73.9072 	INFO 	Keyboard events cleared
73.9069 	EXP 	stimulus: autoDraw = True
74.4774 	EXP 	Created unnamed TextStim = TextStim(__class__=<class 'psychopy.visual.text.TextStim'>, alignHoriz=method-wrapper(...), alignText='center', alignVert=method-wrapper(...), anchorHoriz='center', anchorVert='center', antialias=True, autoDraw=False, autoLog=True, bold=False, color=array([-0.00392157,  1.        , -1.        ]), colorSpace='rgb', contrast=1.0, depth=0, draggable=False, flipHoriz=False, flipVert=False, font='', fontFiles=[], height=0.05, italic=False, languageStyle='LTR', name='unnamed TextStim', opacity=1.0, ori=0.0, pos=array([0., 0.]), rgb=UNKNOWN, text='Correct!', units='height', win=Window(...), wrapWidth=1)
74.4777 	DATA 	Keypress: lalt
74.4911 	EXP 	fix: autoDraw = False
74.4911 	EXP 	stimulus: autoDraw = False
75.0094 	EXP 	New trial (rep=0, index=3): <Trial 3 (3 in rep 0) data={'item_nr': 2, 'condition': 'pseudoword', 'text': 'sanzes', 'corr_ans': 'lalt', 'is_practice_trial': True, 'thisN': 3, 'thisTrialN': 3, 'thisRepN': 0}>
75.0140 	EXP 	stimulus: height = 0.05
75.0140 	EXP 	stimulus: height = 0.05
75.0140 	EXP 	stimulus: height = 0.05
75.0140 	EXP 	stimulus: text = 'sanzes'
75.2673 	EXP 	fix: autoDraw = True
75.7686 	EXP 	fix: autoDraw = False
76.0189 	INFO 	Keyboard events cleared
76.0186 	EXP 	stimulus: autoDraw = True
76.4890 	EXP 	Created unnamed TextStim = TextStim(__class__=<class 'psychopy.visual.text.TextStim'>, alignHoriz=method-wrapper(...), alignText='center', alignVert=method-wrapper(...), anchorHoriz='center', anchorVert='center', antialias=True, autoDraw=False, autoLog=True, bold=False, color=array([-0.00392157,  1.        , -1.        ]), colorSpace='rgb', contrast=1.0, depth=0, draggable=False, flipHoriz=False, flipVert=False, font='', fontFiles=[], height=0.05, italic=False, languageStyle='LTR', name='unnamed TextStim', opacity=1.0, ori=0.0, pos=array([0., 0.]), rgb=UNKNOWN, text='Correct!', units='height', win=Window(...), wrapWidth=1)
76.4892 	DATA 	Keypress: lalt
76.5030 	EXP 	fix: autoDraw = False
76.5030 	EXP 	stimulus: autoDraw = False
77.0211 	EXP 	New trial (rep=0, index=4): <Trial 4 (4 in rep 0) data={'item_nr': 3, 'condition': 'pseudoword', 'text': 'Torrerk', 'corr_ans': 'lalt', 'is_practice_trial': True, 'thisN': 4, 'thisTrialN': 4, 'thisRepN': 0}>
77.0261 	EXP 	stimulus: height = 0.05
77.0261 	EXP 	stimulus: height = 0.05
77.0261 	EXP 	stimulus: height = 0.05
77.0261 	EXP 	stimulus: text = 'Torrerk'
77.1458 	DATA 	Keypress: lalt
77.3340 	EXP 	fix: autoDraw = True
77.8345 	EXP 	fix: autoDraw = False
78.0350 	INFO 	Keyboard events cleared
78.0346 	EXP 	stimulus: autoDraw = True
79.2844 	EXP 	Created unnamed TextStim = TextStim(__class__=<class 'psychopy.visual.text.TextStim'>, alignHoriz=method-wrapper(...), alignText='center', alignVert=method-wrapper(...), anchorHoriz='center', anchorVert='center', antialias=True, autoDraw=False, autoLog=True, bold=False, color=array([-0.00392157,  1.        , -1.        ]), colorSpace='rgb', contrast=1.0, depth=0, draggable=False, flipHoriz=False, flipVert=False, font='', fontFiles=[], height=0.05, italic=False, languageStyle='LTR', name='unnamed TextStim', opacity=1.0, ori=0.0, pos=array([0., 0.]), rgb=UNKNOWN, text='Correct!', units='height', win=Window(...), wrapWidth=1)
79.2980 	EXP 	fix: autoDraw = False
79.2980 	EXP 	stimulus: autoDraw = False
79.8174 	EXP 	New trial (rep=0, index=5): <Trial 5 (5 in rep 0) data={'item_nr': 5, 'condition': 'pseudoword', 'text': 'tobreren', 'corr_ans': 'lalt', 'is_practice_trial': True, 'thisN': 5, 'thisTrialN': 5, 'thisRepN': 0}>
79.8523 	EXP 	stimulus: height = 0.05
79.8523 	EXP 	stimulus: height = 0.05
79.8523 	EXP 	stimulus: height = 0.05
79.8523 	EXP 	stimulus: text = 'tobreren'
80.0700 	EXP 	fix: autoDraw = True
80.5863 	EXP 	fix: autoDraw = False
80.8213 	INFO 	Keyboard events cleared
80.8208 	EXP 	stimulus: autoDraw = True
82.4705 	EXP 	demo_experiment: status = STOPPED
82.4867 	EXP 	stimulus: autoDraw = False
82.4868 	EXP 	demo_experiment: status = STOPPED
82.4922 	INFO 	saved data to 'C:\\Users\\Jack\\Downloads\\demo_experiment\\data/414977_demo_experiment_2024-10-23_13h43.42.447.csv'
82.4942 	INFO 	saved data to C:\Users\Jack\Downloads\demo_experiment\data/414977_demo_experiment_2024-10-23_13h43.42.447.psydat
